<?xml version="1.0" encoding="UTF-8"?>
<testsuite xmlns:xsi="http://www.w3.org/2001/XMLSchema-instance" xsi:noNamespaceSchemaLocation="https://maven.apache.org/surefire/maven-surefire-plugin/xsd/surefire-test-report-3.0.xsd" version="3.0" name="test.se.kth.iv1350.pointOfSale.controller.ControllerTest" time="0.111" tests="11" errors="0" skipped="0" failures="1">
  <properties>
[...]
</properties>
  <testcase name="testApplyDiscountDoesNotCrash" classname="test.se.kth.iv1350.pointOfSale.controller.ControllerTest" time="0.038">
    <system-out><![CDATA[No discount strategy set. No discount applied.
]]></system-out>
  </testcase>
  <testcase name="testScanItemDatabaseFailureThrowsDatabaseConnectionException" classname="test.se.kth.iv1350.pointOfSale.controller.ControllerTest" time="0.021"/>
  <testcase name="testApplyDiscountLowersTotal" classname="test.se.kth.iv1350.pointOfSale.controller.ControllerTest" time="0.008">
    <failure message="Total should be lowered after discount. ==&gt; expected: &lt;true&gt; but was: &lt;false&gt;" type="org.opentest4j.AssertionFailedError"><![CDATA[org.opentest4j.AssertionFailedError: Total should be lowered after discount. ==> expected: <true> but was: <false>
	at org.junit.jupiter.api.AssertionFailureBuilder.build(AssertionFailureBuilder.java:151)
	at org.junit.jupiter.api.AssertionFailureBuilder.buildAndThrow(AssertionFailureBuilder.java:132)
	at org.junit.jupiter.api.AssertTrue.failNotTrue(AssertTrue.java:63)
	at org.junit.jupiter.api.AssertTrue.assertTrue(AssertTrue.java:36)
	at org.junit.jupiter.api.Assertions.assertTrue(Assertions.java:210)
	at test.se.kth.iv1350.pointOfSale.controller.ControllerTest.testApplyDiscountLowersTotal(ControllerTest.java:103)
	at java.base/java.lang.reflect.Method.invoke(Method.java:580)
	at java.base/java.util.ArrayList.forEach(ArrayList.java:1596)
	at java.base/java.util.ArrayList.forEach(ArrayList.java:1596)
]]></failure>
    <system-out><![CDATA[Total income: 31,69 SEK
No discount strategy set. No discount applied.
]]></system-out>
  </testcase>
  <testcase name="testScanValidItemAddsCorrectItem" classname="test.se.kth.iv1350.pointOfSale.controller.ControllerTest" time="0.002">
    <system-out><![CDATA[Total income: 31,69 SEK
]]></system-out>
  </testcase>
  <testcase name="testInitializePaymentRegistersCorrectly" classname="test.se.kth.iv1350.pointOfSale.controller.ControllerTest" time="0.006">
    <system-out><![CDATA[Total income: 31,69 SEK
-----   Receipt   -----
Time of Sale: 2025-05-14 21:50:01

Bigwheel Oatmeal           1x 29,90   29,90 SEK

Total:                            31,69 SEK
VAT:                               1,79 SEK
Cash:                            100,00 SEK
Change:                           68,31 SEK
----- End receipt -----
]]></system-out>
  </testcase>
  <testcase name="testScanItemDoesNotThrow" classname="test.se.kth.iv1350.pointOfSale.controller.ControllerTest" time="0.002">
    <system-out><![CDATA[Total income: 31,69 SEK
]]></system-out>
  </testcase>
  <testcase name="testGetSoldItemAfterScan" classname="test.se.kth.iv1350.pointOfSale.controller.ControllerTest" time="0.002">
    <system-out><![CDATA[Total income: 63,39 SEK
]]></system-out>
  </testcase>
  <testcase name="testEndSaleReturnsTotalInclVAT" classname="test.se.kth.iv1350.pointOfSale.controller.ControllerTest" time="0.003">
    <system-out><![CDATA[Total income: 63,39 SEK
]]></system-out>
  </testcase>
  <testcase name="testScanInvalidItemThrowsItemInvalidException" classname="test.se.kth.iv1350.pointOfSale.controller.ControllerTest" time="0.006"/>
  <testcase name="testInitializeSaleCreatesNewSale" classname="test.se.kth.iv1350.pointOfSale.controller.ControllerTest" time="0.002">
    <system-out><![CDATA[Total income: 31,69 SEK
]]></system-out>
  </testcase>
  <testcase name="testRunningTotalAfterAddedItems" classname="test.se.kth.iv1350.pointOfSale.controller.ControllerTest" time="0.001">
    <system-out><![CDATA[Total income: 63,39 SEK
]]></system-out>
  </testcase>
</testsuite>